<?xml version="1.0" encoding="UTF-8"?>
<testsuite xmlns:xsi="http://www.w3.org/2001/XMLSchema-instance" xsi:noNamespaceSchemaLocation="https://maven.apache.org/surefire/maven-surefire-plugin/xsd/surefire-test-report.xsd" version="3.0.2" name="rendeleskezelo.RendelesKezeloApplicationTests" time="5.989" tests="1" errors="0" skipped="0" failures="0">
  <properties>
[...]
</properties>
  <testcase name="contextLoads" classname="rendeleskezelo.RendelesKezeloApplicationTests" time="0.38">
    <system-out><![CDATA[11:01:12.901 [main] INFO org.springframework.test.context.support.AnnotationConfigContextLoaderUtils -- Could not detect default configuration classes for test class [rendeleskezelo.RendelesKezeloApplicationTests]: RendelesKezeloApplicationTests does not declare any static, non-private, non-final, nested classes annotated with @Configuration.
11:01:13.007 [main] INFO org.springframework.boot.test.context.SpringBootTestContextBootstrapper -- Found @SpringBootConfiguration rendeleskezelo.RendelesKezeloApplication for test class rendeleskezelo.RendelesKezeloApplicationTests
11:01:13.159 [main] INFO org.springframework.boot.devtools.restart.RestartApplicationListener -- Restart disabled due to context in which it is running

  .   ____          _            __ _ _
 /\\ / ___'_ __ _ _(_)_ __  __ _ \ \ \ \
( ( )\___ | '_ | '_| | '_ \/ _` | \ \ \ \
 \\/  ___)| |_)| | | | | || (_| |  ) ) ) )
  '  |____| .__|_| |_|_| |_\__, | / / / /
 =========|_|==============|___/=/_/_/_/

 :: Spring Boot ::                (v3.4.0)

2024-11-28T11:01:13.397+01:00  INFO 34248 --- [RendelesKezelo] [           main] r.RendelesKezeloApplicationTests         : Starting RendelesKezeloApplicationTests using Java 21.0.3 with PID 34248 (started by copyright in C:\Users\copyright\IdeaProjects\RendelesKezelo)
2024-11-28T11:01:13.399+01:00  INFO 34248 --- [RendelesKezelo] [           main] r.RendelesKezeloApplicationTests         : No active profile set, falling back to 1 default profile: "default"
2024-11-28T11:01:14.079+01:00  INFO 34248 --- [RendelesKezelo] [           main] .s.d.r.c.RepositoryConfigurationDelegate : Bootstrapping Spring Data JPA repositories in DEFAULT mode.
2024-11-28T11:01:14.214+01:00  INFO 34248 --- [RendelesKezelo] [           main] .s.d.r.c.RepositoryConfigurationDelegate : Finished Spring Data repository scanning in 126 ms. Found 5 JPA repository interfaces.
2024-11-28T11:01:14.789+01:00  INFO 34248 --- [RendelesKezelo] [           main] o.hibernate.jpa.internal.util.LogHelper  : HHH000204: Processing PersistenceUnitInfo [name: default]
2024-11-28T11:01:14.849+01:00  INFO 34248 --- [RendelesKezelo] [           main] org.hibernate.Version                    : HHH000412: Hibernate ORM core version 6.6.2.Final
2024-11-28T11:01:14.882+01:00  INFO 34248 --- [RendelesKezelo] [           main] o.h.c.internal.RegionFactoryInitiator    : HHH000026: Second-level cache disabled
2024-11-28T11:01:14.979+01:00 DEBUG 34248 --- [RendelesKezelo] [           main] org.hibernate.type.BasicTypeRegistry     : Adding type registration boolean -> org.hibernate.type.BasicTypeReference@56d6a1b1
2024-11-28T11:01:14.979+01:00 DEBUG 34248 --- [RendelesKezelo] [           main] org.hibernate.type.BasicTypeRegistry     : Adding type registration boolean -> org.hibernate.type.BasicTypeReference@56d6a1b1
2024-11-28T11:01:14.980+01:00 DEBUG 34248 --- [RendelesKezelo] [           main] org.hibernate.type.BasicTypeRegistry     : Adding type registration java.lang.Boolean -> org.hibernate.type.BasicTypeReference@56d6a1b1
2024-11-28T11:01:14.980+01:00 DEBUG 34248 --- [RendelesKezelo] [           main] org.hibernate.type.BasicTypeRegistry     : Adding type registration numeric_boolean -> org.hibernate.type.BasicTypeReference@1a7163e3
2024-11-28T11:01:14.980+01:00 DEBUG 34248 --- [RendelesKezelo] [           main] org.hibernate.type.BasicTypeRegistry     : Adding type registration org.hibernate.type.NumericBooleanConverter -> org.hibernate.type.BasicTypeReference@1a7163e3
2024-11-28T11:01:14.980+01:00 DEBUG 34248 --- [RendelesKezelo] [           main] org.hibernate.type.BasicTypeRegistry     : Adding type registration true_false -> org.hibernate.type.BasicTypeReference@44da7eb3
2024-11-28T11:01:14.980+01:00 DEBUG 34248 --- [RendelesKezelo] [           main] org.hibernate.type.BasicTypeRegistry     : Adding type registration org.hibernate.type.TrueFalseConverter -> org.hibernate.type.BasicTypeReference@44da7eb3
2024-11-28T11:01:14.980+01:00 DEBUG 34248 --- [RendelesKezelo] [           main] org.hibernate.type.BasicTypeRegistry     : Adding type registration yes_no -> org.hibernate.type.BasicTypeReference@5e69cf07
2024-11-28T11:01:14.980+01:00 DEBUG 34248 --- [RendelesKezelo] [           main] org.hibernate.type.BasicTypeRegistry     : Adding type registration org.hibernate.type.YesNoConverter -> org.hibernate.type.BasicTypeReference@5e69cf07
2024-11-28T11:01:14.980+01:00 DEBUG 34248 --- [RendelesKezelo] [           main] org.hibernate.type.BasicTypeRegistry     : Adding type registration byte -> org.hibernate.type.BasicTypeReference@3d512652
2024-11-28T11:01:14.980+01:00 DEBUG 34248 --- [RendelesKezelo] [           main] org.hibernate.type.BasicTypeRegistry     : Adding type registration byte -> org.hibernate.type.BasicTypeReference@3d512652
2024-11-28T11:01:14.980+01:00 DEBUG 34248 --- [RendelesKezelo] [           main] org.hibernate.type.BasicTypeRegistry     : Adding type registration java.lang.Byte -> org.hibernate.type.BasicTypeReference@3d512652
2024-11-28T11:01:14.980+01:00 DEBUG 34248 --- [RendelesKezelo] [           main] org.hibernate.type.BasicTypeRegistry     : Adding type registration binary -> org.hibernate.type.BasicTypeReference@2c2e3460
2024-11-28T11:01:14.981+01:00 DEBUG 34248 --- [RendelesKezelo] [           main] org.hibernate.type.BasicTypeRegistry     : Adding type registration byte[] -> org.hibernate.type.BasicTypeReference@2c2e3460
2024-11-28T11:01:14.981+01:00 DEBUG 34248 --- [RendelesKezelo] [           main] org.hibernate.type.BasicTypeRegistry     : Adding type registration [B -> org.hibernate.type.BasicTypeReference@2c2e3460
2024-11-28T11:01:14.981+01:00 DEBUG 34248 --- [RendelesKezelo] [           main] org.hibernate.type.BasicTypeRegistry     : Adding type registration binary_wrapper -> org.hibernate.type.BasicTypeReference@3b96f8b0
2024-11-28T11:01:14.981+01:00 DEBUG 34248 --- [RendelesKezelo] [           main] org.hibernate.type.BasicTypeRegistry     : Adding type registration wrapper-binary -> org.hibernate.type.BasicTypeReference@3b96f8b0
2024-11-28T11:01:14.981+01:00 DEBUG 34248 --- [RendelesKezelo] [           main] org.hibernate.type.BasicTypeRegistry     : Adding type registration image -> org.hibernate.type.BasicTypeReference@2b170932
2024-11-28T11:01:14.981+01:00 DEBUG 34248 --- [RendelesKezelo] [           main] org.hibernate.type.BasicTypeRegistry     : Adding type registration blob -> org.hibernate.type.BasicTypeReference@1fc0d9b4
2024-11-28T11:01:14.981+01:00 DEBUG 34248 --- [RendelesKezelo] [           main] org.hibernate.type.BasicTypeRegistry     : Adding type registration java.sql.Blob -> org.hibernate.type.BasicTypeReference@1fc0d9b4
2024-11-28T11:01:14.981+01:00 DEBUG 34248 --- [RendelesKezelo] [           main] org.hibernate.type.BasicTypeRegistry     : Adding type registration materialized_blob -> org.hibernate.type.BasicTypeReference@42107318
2024-11-28T11:01:14.981+01:00 DEBUG 34248 --- [RendelesKezelo] [           main] org.hibernate.type.BasicTypeRegistry     : Adding type registration materialized_blob_wrapper -> org.hibernate.type.BasicTypeReference@4e4f4092
2024-11-28T11:01:14.981+01:00 DEBUG 34248 --- [RendelesKezelo] [           main] org.hibernate.type.BasicTypeRegistry     : Adding type registration short -> org.hibernate.type.BasicTypeReference@5d829ef0
2024-11-28T11:01:14.981+01:00 DEBUG 34248 --- [RendelesKezelo] [           main] org.hibernate.type.BasicTypeRegistry     : Adding type registration short -> org.hibernate.type.BasicTypeReference@5d829ef0
2024-11-28T11:01:14.982+01:00 DEBUG 34248 --- [RendelesKezelo] [           main] org.hibernate.type.BasicTypeRegistry     : Adding type registration java.lang.Short -> org.hibernate.type.BasicTypeReference@5d829ef0
2024-11-28T11:01:14.982+01:00 DEBUG 34248 --- [RendelesKezelo] [           main] org.hibernate.type.BasicTypeRegistry     : Adding type registration integer -> org.hibernate.type.BasicTypeReference@4416e18d
2024-11-28T11:01:14.982+01:00 DEBUG 34248 --- [RendelesKezelo] [           main] org.hibernate.type.BasicTypeRegistry     : Adding type registration int -> org.hibernate.type.BasicTypeReference@4416e18d
2024-11-28T11:01:14.982+01:00 DEBUG 34248 --- [RendelesKezelo] [           main] org.hibernate.type.BasicTypeRegistry     : Adding type registration java.lang.Integer -> org.hibernate.type.BasicTypeReference@4416e18d
2024-11-28T11:01:14.982+01:00 DEBUG 34248 --- [RendelesKezelo] [           main] org.hibernate.type.BasicTypeRegistry     : Adding type registration long -> org.hibernate.type.BasicTypeReference@5dfc2a4
2024-11-28T11:01:14.982+01:00 DEBUG 34248 --- [RendelesKezelo] [           main] org.hibernate.type.BasicTypeRegistry     : Adding type registration long -> org.hibernate.type.BasicTypeReference@5dfc2a4
2024-11-28T11:01:14.982+01:00 DEBUG 34248 --- [RendelesKezelo] [           main] org.hibernate.type.BasicTypeRegistry     : Adding type registration java.lang.Long -> org.hibernate.type.BasicTypeReference@5dfc2a4
2024-11-28T11:01:14.982+01:00 DEBUG 34248 --- [RendelesKezelo] [           main] org.hibernate.type.BasicTypeRegistry     : Adding type registration float -> org.hibernate.type.BasicTypeReference@3120495d
2024-11-28T11:01:14.982+01:00 DEBUG 34248 --- [RendelesKezelo] [           main] org.hibernate.type.BasicTypeRegistry     : Adding type registration float -> org.hibernate.type.BasicTypeReference@3120495d
2024-11-28T11:01:14.982+01:00 DEBUG 34248 --- [RendelesKezelo] [           main] org.hibernate.type.BasicTypeRegistry     : Adding type registration java.lang.Float -> org.hibernate.type.BasicTypeReference@3120495d
2024-11-28T11:01:14.982+01:00 DEBUG 34248 --- [RendelesKezelo] [           main] org.hibernate.type.BasicTypeRegistry     : Adding type registration double -> org.hibernate.type.BasicTypeReference@781c2497
2024-11-28T11:01:14.983+01:00 DEBUG 34248 --- [RendelesKezelo] [           main] org.hibernate.type.BasicTypeRegistry     : Adding type registration double -> org.hibernate.type.BasicTypeReference@781c2497
2024-11-28T11:01:14.983+01:00 DEBUG 34248 --- [RendelesKezelo] [           main] org.hibernate.type.BasicTypeRegistry     : Adding type registration java.lang.Double -> org.hibernate.type.BasicTypeReference@781c2497
2024-11-28T11:01:14.983+01:00 DEBUG 34248 --- [RendelesKezelo] [           main] org.hibernate.type.BasicTypeRegistry     : Adding type registration big_integer -> org.hibernate.type.BasicTypeReference@b75b890
2024-11-28T11:01:14.983+01:00 DEBUG 34248 --- [RendelesKezelo] [           main] org.hibernate.type.BasicTypeRegistry     : Adding type registration java.math.BigInteger -> org.hibernate.type.BasicTypeReference@b75b890
2024-11-28T11:01:14.983+01:00 DEBUG 34248 --- [RendelesKezelo] [           main] org.hibernate.type.BasicTypeRegistry     : Adding type registration big_decimal -> org.hibernate.type.BasicTypeReference@70c491b8
2024-11-28T11:01:14.983+01:00 DEBUG 34248 --- [RendelesKezelo] [           main] org.hibernate.type.BasicTypeRegistry     : Adding type registration java.math.BigDecimal -> org.hibernate.type.BasicTypeReference@70c491b8
2024-11-28T11:01:14.983+01:00 DEBUG 34248 --- [RendelesKezelo] [           main] org.hibernate.type.BasicTypeRegistry     : Adding type registration character -> org.hibernate.type.BasicTypeReference@439d545c
2024-11-28T11:01:14.983+01:00 DEBUG 34248 --- [RendelesKezelo] [           main] org.hibernate.type.BasicTypeRegistry     : Adding type registration char -> org.hibernate.type.BasicTypeReference@439d545c
2024-11-28T11:01:14.983+01:00 DEBUG 34248 --- [RendelesKezelo] [           main] org.hibernate.type.BasicTypeRegistry     : Adding type registration java.lang.Character -> org.hibernate.type.BasicTypeReference@439d545c
2024-11-28T11:01:14.984+01:00 DEBUG 34248 --- [RendelesKezelo] [           main] org.hibernate.type.BasicTypeRegistry     : Adding type registration character_nchar -> org.hibernate.type.BasicTypeReference@5a3cf824
2024-11-28T11:01:14.984+01:00 DEBUG 34248 --- [RendelesKezelo] [           main] org.hibernate.type.BasicTypeRegistry     : Adding type registration string -> org.hibernate.type.BasicTypeReference@7c2b6acb
2024-11-28T11:01:14.984+01:00 DEBUG 34248 --- [RendelesKezelo] [           main] org.hibernate.type.BasicTypeRegistry     : Adding type registration java.lang.String -> org.hibernate.type.BasicTypeReference@7c2b6acb
2024-11-28T11:01:14.984+01:00 DEBUG 34248 --- [RendelesKezelo] [           main] org.hibernate.type.BasicTypeRegistry     : Adding type registration nstring -> org.hibernate.type.BasicTypeReference@28367da7
2024-11-28T11:01:14.984+01:00 DEBUG 34248 --- [RendelesKezelo] [           main] org.hibernate.type.BasicTypeRegistry     : Adding type registration characters -> org.hibernate.type.BasicTypeReference@1a0f349
2024-11-28T11:01:14.984+01:00 DEBUG 34248 --- [RendelesKezelo] [           main] org.hibernate.type.BasicTypeRegistry     : Adding type registration char[] -> org.hibernate.type.BasicTypeReference@1a0f349
2024-11-28T11:01:14.984+01:00 DEBUG 34248 --- [RendelesKezelo] [           main] org.hibernate.type.BasicTypeRegistry     : Adding type registration [C -> org.hibernate.type.BasicTypeReference@1a0f349
2024-11-28T11:01:14.984+01:00 DEBUG 34248 --- [RendelesKezelo] [           main] org.hibernate.type.BasicTypeRegistry     : Adding type registration wrapper-characters -> org.hibernate.type.BasicTypeReference@3c60c681
2024-11-28T11:01:14.984+01:00 DEBUG 34248 --- [RendelesKezelo] [           main] org.hibernate.type.BasicTypeRegistry     : Adding type registration text -> org.hibernate.type.BasicTypeReference@1b3a9ef4
2024-11-28T11:01:14.985+01:00 DEBUG 34248 --- [RendelesKezelo] [           main] org.hibernate.type.BasicTypeRegistry     : Adding type registration ntext -> org.hibernate.type.BasicTypeReference@7a1371
2024-11-28T11:01:14.985+01:00 DEBUG 34248 --- [RendelesKezelo] [           main] org.hibernate.type.BasicTypeRegistry     : Adding type registration clob -> org.hibernate.type.BasicTypeReference@6c6928c
2024-11-28T11:01:14.985+01:00 DEBUG 34248 --- [RendelesKezelo] [           main] org.hibernate.type.BasicTypeRegistry     : Adding type registration java.sql.Clob -> org.hibernate.type.BasicTypeReference@6c6928c
2024-11-28T11:01:14.985+01:00 DEBUG 34248 --- [RendelesKezelo] [           main] org.hibernate.type.BasicTypeRegistry     : Adding type registration nclob -> org.hibernate.type.BasicTypeReference@3c28181b
2024-11-28T11:01:14.985+01:00 DEBUG 34248 --- [RendelesKezelo] [           main] org.hibernate.type.BasicTypeRegistry     : Adding type registration java.sql.NClob -> org.hibernate.type.BasicTypeReference@3c28181b
2024-11-28T11:01:14.985+01:00 DEBUG 34248 --- [RendelesKezelo] [           main] org.hibernate.type.BasicTypeRegistry     : Adding type registration materialized_clob -> org.hibernate.type.BasicTypeReference@73aaec54
2024-11-28T11:01:14.985+01:00 DEBUG 34248 --- [RendelesKezelo] [           main] org.hibernate.type.BasicTypeRegistry     : Adding type registration materialized_clob_char_array -> org.hibernate.type.BasicTypeReference@239b98cb
2024-11-28T11:01:14.985+01:00 DEBUG 34248 --- [RendelesKezelo] [           main] org.hibernate.type.BasicTypeRegistry     : Adding type registration materialized_clob_character_array -> org.hibernate.type.BasicTypeReference@117b2cc6
2024-11-28T11:01:14.985+01:00 DEBUG 34248 --- [RendelesKezelo] [           main] org.hibernate.type.BasicTypeRegistry     : Adding type registration materialized_nclob -> org.hibernate.type.BasicTypeReference@6def0632
2024-11-28T11:01:14.985+01:00 DEBUG 34248 --- [RendelesKezelo] [           main] org.hibernate.type.BasicTypeRegistry     : Adding type registration materialized_nclob_character_array -> org.hibernate.type.BasicTypeReference@49038f97
2024-11-28T11:01:14.986+01:00 DEBUG 34248 --- [RendelesKezelo] [           main] org.hibernate.type.BasicTypeRegistry     : Adding type registration materialized_nclob_char_array -> org.hibernate.type.BasicTypeReference@36211bbc
2024-11-28T11:01:14.986+01:00 DEBUG 34248 --- [RendelesKezelo] [           main] org.hibernate.type.BasicTypeRegistry     : Adding type registration Duration -> org.hibernate.type.BasicTypeReference@7ef41ca2
2024-11-28T11:01:14.986+01:00 DEBUG 34248 --- [RendelesKezelo] [           main] org.hibernate.type.BasicTypeRegistry     : Adding type registration java.time.Duration -> org.hibernate.type.BasicTypeReference@7ef41ca2
2024-11-28T11:01:14.986+01:00 DEBUG 34248 --- [RendelesKezelo] [           main] org.hibernate.type.BasicTypeRegistry     : Adding type registration LocalDateTime -> org.hibernate.type.BasicTypeReference@6b3f4bd8
2024-11-28T11:01:14.986+01:00 DEBUG 34248 --- [RendelesKezelo] [           main] org.hibernate.type.BasicTypeRegistry     : Adding type registration java.time.LocalDateTime -> org.hibernate.type.BasicTypeReference@6b3f4bd8
2024-11-28T11:01:14.986+01:00 DEBUG 34248 --- [RendelesKezelo] [           main] org.hibernate.type.BasicTypeRegistry     : Adding type registration LocalDate -> org.hibernate.type.BasicTypeReference@3e151e1f
2024-11-28T11:01:14.986+01:00 DEBUG 34248 --- [RendelesKezelo] [           main] org.hibernate.type.BasicTypeRegistry     : Adding type registration java.time.LocalDate -> org.hibernate.type.BasicTypeReference@3e151e1f
2024-11-28T11:01:14.986+01:00 DEBUG 34248 --- [RendelesKezelo] [           main] org.hibernate.type.BasicTypeRegistry     : Adding type registration LocalTime -> org.hibernate.type.BasicTypeReference@d70e9a
2024-11-28T11:01:14.986+01:00 DEBUG 34248 --- [RendelesKezelo] [           main] org.hibernate.type.BasicTypeRegistry     : Adding type registration java.time.LocalTime -> org.hibernate.type.BasicTypeReference@d70e9a
2024-11-28T11:01:14.986+01:00 DEBUG 34248 --- [RendelesKezelo] [           main] org.hibernate.type.BasicTypeRegistry     : Adding type registration OffsetDateTime -> org.hibernate.type.BasicTypeReference@5e98032e
2024-11-28T11:01:14.987+01:00 DEBUG 34248 --- [RendelesKezelo] [           main] org.hibernate.type.BasicTypeRegistry     : Adding type registration java.time.OffsetDateTime -> org.hibernate.type.BasicTypeReference@5e98032e
2024-11-28T11:01:14.987+01:00 DEBUG 34248 --- [RendelesKezelo] [           main] org.hibernate.type.BasicTypeRegistry     : Adding type registration OffsetDateTimeWithTimezone -> org.hibernate.type.BasicTypeReference@4fe8f2ae
2024-11-28T11:01:14.987+01:00 DEBUG 34248 --- [RendelesKezelo] [           main] org.hibernate.type.BasicTypeRegistry     : Adding type registration OffsetDateTimeWithoutTimezone -> org.hibernate.type.BasicTypeReference@591be8aa
2024-11-28T11:01:14.987+01:00 DEBUG 34248 --- [RendelesKezelo] [           main] org.hibernate.type.BasicTypeRegistry     : Adding type registration OffsetTime -> org.hibernate.type.BasicTypeReference@61808ecd
2024-11-28T11:01:14.987+01:00 DEBUG 34248 --- [RendelesKezelo] [           main] org.hibernate.type.BasicTypeRegistry     : Adding type registration java.time.OffsetTime -> org.hibernate.type.BasicTypeReference@61808ecd
2024-11-28T11:01:14.987+01:00 DEBUG 34248 --- [RendelesKezelo] [           main] org.hibernate.type.BasicTypeRegistry     : Adding type registration OffsetTimeUtc -> org.hibernate.type.BasicTypeReference@7f1f60a0
2024-11-28T11:01:14.987+01:00 DEBUG 34248 --- [RendelesKezelo] [           main] org.hibernate.type.BasicTypeRegistry     : Adding type registration OffsetTimeWithTimezone -> org.hibernate.type.BasicTypeReference@77ea806f
2024-11-28T11:01:14.988+01:00 DEBUG 34248 --- [RendelesKezelo] [           main] org.hibernate.type.BasicTypeRegistry     : Adding type registration OffsetTimeWithoutTimezone -> org.hibernate.type.BasicTypeReference@71b26880
2024-11-28T11:01:14.988+01:00 DEBUG 34248 --- [RendelesKezelo] [           main] org.hibernate.type.BasicTypeRegistry     : Adding type registration ZonedDateTime -> org.hibernate.type.BasicTypeReference@14a1769d
2024-11-28T11:01:14.988+01:00 DEBUG 34248 --- [RendelesKezelo] [           main] org.hibernate.type.BasicTypeRegistry     : Adding type registration java.time.ZonedDateTime -> org.hibernate.type.BasicTypeReference@14a1769d
2024-11-28T11:01:14.988+01:00 DEBUG 34248 --- [RendelesKezelo] [           main] org.hibernate.type.BasicTypeRegistry     : Adding type registration ZonedDateTimeWithTimezone -> org.hibernate.type.BasicTypeReference@10bf1ec9
2024-11-28T11:01:14.988+01:00 DEBUG 34248 --- [RendelesKezelo] [           main] org.hibernate.type.BasicTypeRegistry     : Adding type registration ZonedDateTimeWithoutTimezone -> org.hibernate.type.BasicTypeReference@33751d49
2024-11-28T11:01:14.988+01:00 DEBUG 34248 --- [RendelesKezelo] [           main] org.hibernate.type.BasicTypeRegistry     : Adding type registration date -> org.hibernate.type.BasicTypeReference@516195cf
2024-11-28T11:01:14.988+01:00 DEBUG 34248 --- [RendelesKezelo] [           main] org.hibernate.type.BasicTypeRegistry     : Adding type registration java.sql.Date -> org.hibernate.type.BasicTypeReference@516195cf
2024-11-28T11:01:14.988+01:00 DEBUG 34248 --- [RendelesKezelo] [           main] org.hibernate.type.BasicTypeRegistry     : Adding type registration time -> org.hibernate.type.BasicTypeReference@4eeb14e0
2024-11-28T11:01:14.988+01:00 DEBUG 34248 --- [RendelesKezelo] [           main] org.hibernate.type.BasicTypeRegistry     : Adding type registration java.sql.Time -> org.hibernate.type.BasicTypeReference@4eeb14e0
2024-11-28T11:01:14.988+01:00 DEBUG 34248 --- [RendelesKezelo] [           main] org.hibernate.type.BasicTypeRegistry     : Adding type registration timestamp -> org.hibernate.type.BasicTypeReference@26ca12a2
2024-11-28T11:01:14.988+01:00 DEBUG 34248 --- [RendelesKezelo] [           main] org.hibernate.type.BasicTypeRegistry     : Adding type registration java.sql.Timestamp -> org.hibernate.type.BasicTypeReference@26ca12a2
2024-11-28T11:01:14.989+01:00 DEBUG 34248 --- [RendelesKezelo] [           main] org.hibernate.type.BasicTypeRegistry     : Adding type registration java.util.Date -> org.hibernate.type.BasicTypeReference@26ca12a2
2024-11-28T11:01:14.989+01:00 DEBUG 34248 --- [RendelesKezelo] [           main] org.hibernate.type.BasicTypeRegistry     : Adding type registration calendar -> org.hibernate.type.BasicTypeReference@3d4ecc67
2024-11-28T11:01:14.989+01:00 DEBUG 34248 --- [RendelesKezelo] [           main] org.hibernate.type.BasicTypeRegistry     : Adding type registration java.util.Calendar -> org.hibernate.type.BasicTypeReference@3d4ecc67
2024-11-28T11:01:14.989+01:00 DEBUG 34248 --- [RendelesKezelo] [           main] org.hibernate.type.BasicTypeRegistry     : Adding type registration java.util.GregorianCalendar -> org.hibernate.type.BasicTypeReference@3d4ecc67
2024-11-28T11:01:14.989+01:00 DEBUG 34248 --- [RendelesKezelo] [           main] org.hibernate.type.BasicTypeRegistry     : Adding type registration calendar_date -> org.hibernate.type.BasicTypeReference@60dcf9ec
2024-11-28T11:01:14.989+01:00 DEBUG 34248 --- [RendelesKezelo] [           main] org.hibernate.type.BasicTypeRegistry     : Adding type registration calendar_time -> org.hibernate.type.BasicTypeReference@7606bd03
2024-11-28T11:01:14.989+01:00 DEBUG 34248 --- [RendelesKezelo] [           main] org.hibernate.type.BasicTypeRegistry     : Adding type registration instant -> org.hibernate.type.BasicTypeReference@afee63
2024-11-28T11:01:14.989+01:00 DEBUG 34248 --- [RendelesKezelo] [           main] org.hibernate.type.BasicTypeRegistry     : Adding type registration java.time.Instant -> org.hibernate.type.BasicTypeReference@afee63
2024-11-28T11:01:14.989+01:00 DEBUG 34248 --- [RendelesKezelo] [           main] org.hibernate.type.BasicTypeRegistry     : Adding type registration uuid -> org.hibernate.type.BasicTypeReference@4b4927e5
2024-11-28T11:01:14.989+01:00 DEBUG 34248 --- [RendelesKezelo] [           main] org.hibernate.type.BasicTypeRegistry     : Adding type registration java.util.UUID -> org.hibernate.type.BasicTypeReference@4b4927e5
2024-11-28T11:01:14.989+01:00 DEBUG 34248 --- [RendelesKezelo] [           main] org.hibernate.type.BasicTypeRegistry     : Adding type registration pg-uuid -> org.hibernate.type.BasicTypeReference@4b4927e5
2024-11-28T11:01:14.989+01:00 DEBUG 34248 --- [RendelesKezelo] [           main] org.hibernate.type.BasicTypeRegistry     : Adding type registration uuid-binary -> org.hibernate.type.BasicTypeReference@4c5da4f9
2024-11-28T11:01:14.990+01:00 DEBUG 34248 --- [RendelesKezelo] [           main] org.hibernate.type.BasicTypeRegistry     : Adding type registration uuid-char -> org.hibernate.type.BasicTypeReference@ff0e6d4
2024-11-28T11:01:14.990+01:00 DEBUG 34248 --- [RendelesKezelo] [           main] org.hibernate.type.BasicTypeRegistry     : Adding type registration class -> org.hibernate.type.BasicTypeReference@70d3cdbf
2024-11-28T11:01:14.990+01:00 DEBUG 34248 --- [RendelesKezelo] [           main] org.hibernate.type.BasicTypeRegistry     : Adding type registration java.lang.Class -> org.hibernate.type.BasicTypeReference@70d3cdbf
2024-11-28T11:01:14.990+01:00 DEBUG 34248 --- [RendelesKezelo] [           main] org.hibernate.type.BasicTypeRegistry     : Adding type registration currency -> org.hibernate.type.BasicTypeReference@72a7aa4f
2024-11-28T11:01:14.990+01:00 DEBUG 34248 --- [RendelesKezelo] [           main] org.hibernate.type.BasicTypeRegistry     : Adding type registration Currency -> org.hibernate.type.BasicTypeReference@72a7aa4f
2024-11-28T11:01:14.990+01:00 DEBUG 34248 --- [RendelesKezelo] [           main] org.hibernate.type.BasicTypeRegistry     : Adding type registration java.util.Currency -> org.hibernate.type.BasicTypeReference@72a7aa4f
2024-11-28T11:01:14.990+01:00 DEBUG 34248 --- [RendelesKezelo] [           main] org.hibernate.type.BasicTypeRegistry     : Adding type registration locale -> org.hibernate.type.BasicTypeReference@537ca28e
2024-11-28T11:01:14.990+01:00 DEBUG 34248 --- [RendelesKezelo] [           main] org.hibernate.type.BasicTypeRegistry     : Adding type registration java.util.Locale -> org.hibernate.type.BasicTypeReference@537ca28e
2024-11-28T11:01:14.990+01:00 DEBUG 34248 --- [RendelesKezelo] [           main] org.hibernate.type.BasicTypeRegistry     : Adding type registration serializable -> org.hibernate.type.BasicTypeReference@5b322873
2024-11-28T11:01:14.991+01:00 DEBUG 34248 --- [RendelesKezelo] [           main] org.hibernate.type.BasicTypeRegistry     : Adding type registration java.io.Serializable -> org.hibernate.type.BasicTypeReference@5b322873
2024-11-28T11:01:14.991+01:00 DEBUG 34248 --- [RendelesKezelo] [           main] org.hibernate.type.BasicTypeRegistry     : Adding type registration timezone -> org.hibernate.type.BasicTypeReference@35e2b89f
2024-11-28T11:01:14.991+01:00 DEBUG 34248 --- [RendelesKezelo] [           main] org.hibernate.type.BasicTypeRegistry     : Adding type registration java.util.TimeZone -> org.hibernate.type.BasicTypeReference@35e2b89f
2024-11-28T11:01:14.991+01:00 DEBUG 34248 --- [RendelesKezelo] [           main] org.hibernate.type.BasicTypeRegistry     : Adding type registration ZoneOffset -> org.hibernate.type.BasicTypeReference@7ad889be
2024-11-28T11:01:14.991+01:00 DEBUG 34248 --- [RendelesKezelo] [           main] org.hibernate.type.BasicTypeRegistry     : Adding type registration java.time.ZoneOffset -> org.hibernate.type.BasicTypeReference@7ad889be
2024-11-28T11:01:14.991+01:00 DEBUG 34248 --- [RendelesKezelo] [           main] org.hibernate.type.BasicTypeRegistry     : Adding type registration url -> org.hibernate.type.BasicTypeReference@4c063cb9
2024-11-28T11:01:14.991+01:00 DEBUG 34248 --- [RendelesKezelo] [           main] org.hibernate.type.BasicTypeRegistry     : Adding type registration java.net.URL -> org.hibernate.type.BasicTypeReference@4c063cb9
2024-11-28T11:01:14.991+01:00 DEBUG 34248 --- [RendelesKezelo] [           main] org.hibernate.type.BasicTypeRegistry     : Adding type registration vector -> org.hibernate.type.BasicTypeReference@63de4fa
2024-11-28T11:01:14.991+01:00 DEBUG 34248 --- [RendelesKezelo] [           main] org.hibernate.type.BasicTypeRegistry     : Adding type registration float_vector -> org.hibernate.type.BasicTypeReference@26bb92e2
2024-11-28T11:01:14.992+01:00 DEBUG 34248 --- [RendelesKezelo] [           main] org.hibernate.type.BasicTypeRegistry     : Adding type registration double_vector -> org.hibernate.type.BasicTypeReference@18907af2
2024-11-28T11:01:14.992+01:00 DEBUG 34248 --- [RendelesKezelo] [           main] org.hibernate.type.BasicTypeRegistry     : Adding type registration byte_vector -> org.hibernate.type.BasicTypeReference@658e7ead
2024-11-28T11:01:14.992+01:00 DEBUG 34248 --- [RendelesKezelo] [           main] org.hibernate.type.BasicTypeRegistry     : Adding type registration row_version -> org.hibernate.type.BasicTypeReference@cfd5cd2
2024-11-28T11:01:14.998+01:00 DEBUG 34248 --- [RendelesKezelo] [           main] org.hibernate.type.BasicTypeRegistry     : Adding type registration object -> org.hibernate.type.JavaObjectType@3f3c8b60
2024-11-28T11:01:14.999+01:00 DEBUG 34248 --- [RendelesKezelo] [           main] org.hibernate.type.BasicTypeRegistry     : Adding type registration java.lang.Object -> org.hibernate.type.JavaObjectType@3f3c8b60
2024-11-28T11:01:15.000+01:00 DEBUG 34248 --- [RendelesKezelo] [           main] org.hibernate.type.BasicTypeRegistry     : Adding type registration null -> org.hibernate.type.NullType@9729a97
2024-11-28T11:01:15.000+01:00 DEBUG 34248 --- [RendelesKezelo] [           main] org.hibernate.type.BasicTypeRegistry     : Adding type registration imm_date -> org.hibernate.type.BasicTypeReference@5dfd31f4
2024-11-28T11:01:15.001+01:00 DEBUG 34248 --- [RendelesKezelo] [           main] org.hibernate.type.BasicTypeRegistry     : Adding type registration imm_time -> org.hibernate.type.BasicTypeReference@36463b09
2024-11-28T11:01:15.001+01:00 DEBUG 34248 --- [RendelesKezelo] [           main] org.hibernate.type.BasicTypeRegistry     : Adding type registration imm_timestamp -> org.hibernate.type.BasicTypeReference@4adf3582
2024-11-28T11:01:15.001+01:00 DEBUG 34248 --- [RendelesKezelo] [           main] org.hibernate.type.BasicTypeRegistry     : Adding type registration imm_calendar -> org.hibernate.type.BasicTypeReference@57e4b86c
2024-11-28T11:01:15.001+01:00 DEBUG 34248 --- [RendelesKezelo] [           main] org.hibernate.type.BasicTypeRegistry     : Adding type registration imm_calendar_date -> org.hibernate.type.BasicTypeReference@632241f5
2024-11-28T11:01:15.001+01:00 DEBUG 34248 --- [RendelesKezelo] [           main] org.hibernate.type.BasicTypeRegistry     : Adding type registration imm_calendar_time -> org.hibernate.type.BasicTypeReference@64bba0eb
2024-11-28T11:01:15.001+01:00 DEBUG 34248 --- [RendelesKezelo] [           main] org.hibernate.type.BasicTypeRegistry     : Adding type registration imm_binary -> org.hibernate.type.BasicTypeReference@577bfadb
2024-11-28T11:01:15.001+01:00 DEBUG 34248 --- [RendelesKezelo] [           main] org.hibernate.type.BasicTypeRegistry     : Adding type registration imm_serializable -> org.hibernate.type.BasicTypeReference@25ae1f80
2024-11-28T11:01:15.200+01:00  INFO 34248 --- [RendelesKezelo] [           main] o.s.o.j.p.SpringPersistenceUnitInfo      : No LoadTimeWeaver setup: ignoring JPA class transformer
2024-11-28T11:01:15.229+01:00  INFO 34248 --- [RendelesKezelo] [           main] com.zaxxer.hikari.HikariDataSource       : HikariPool-1 - Starting...
2024-11-28T11:01:15.568+01:00  INFO 34248 --- [RendelesKezelo] [           main] com.zaxxer.hikari.pool.HikariPool        : HikariPool-1 - Added connection com.mysql.cj.jdbc.ConnectionImpl@26d8908e
2024-11-28T11:01:15.570+01:00  INFO 34248 --- [RendelesKezelo] [           main] com.zaxxer.hikari.HikariDataSource       : HikariPool-1 - Start completed.
2024-11-28T11:01:15.588+01:00  WARN 34248 --- [RendelesKezelo] [           main] org.hibernate.orm.deprecation            : HHH90000025: MySQL8Dialect does not need to be specified explicitly using 'hibernate.dialect' (remove the property setting and it will be selected by default)
2024-11-28T11:01:15.589+01:00  WARN 34248 --- [RendelesKezelo] [           main] org.hibernate.orm.deprecation            : HHH90000026: MySQL8Dialect has been deprecated; use org.hibernate.dialect.MySQLDialect instead
2024-11-28T11:01:15.605+01:00  INFO 34248 --- [RendelesKezelo] [           main] org.hibernate.orm.connections.pooling    : HHH10001005: Database info:
	Database JDBC URL [Connecting through datasource 'HikariDataSource (HikariPool-1)']
	Database driver: undefined/unknown
	Database version: 8.0
	Autocommit mode: undefined/unknown
	Isolation level: undefined/unknown
	Minimum pool size: undefined/unknown
	Maximum pool size: undefined/unknown
2024-11-28T11:01:15.613+01:00 DEBUG 34248 --- [RendelesKezelo] [           main] o.h.t.d.sql.spi.DdlTypeRegistry          : addDescriptor(12, org.hibernate.type.descriptor.sql.internal.CapacityDependentDdlType@79445efb) replaced previous registration(org.hibernate.type.descriptor.sql.internal.CapacityDependentDdlType@1592e540)
2024-11-28T11:01:15.613+01:00 DEBUG 34248 --- [RendelesKezelo] [           main] o.h.t.d.sql.spi.DdlTypeRegistry          : addDescriptor(-9, org.hibernate.type.descriptor.sql.internal.CapacityDependentDdlType@3e2772a9) replaced previous registration(org.hibernate.type.descriptor.sql.internal.CapacityDependentDdlType@4449b273)
2024-11-28T11:01:15.613+01:00 DEBUG 34248 --- [RendelesKezelo] [           main] o.h.t.d.sql.spi.DdlTypeRegistry          : addDescriptor(-3, org.hibernate.type.descriptor.sql.internal.CapacityDependentDdlType@1fa18f87) replaced previous registration(org.hibernate.type.descriptor.sql.internal.CapacityDependentDdlType@1d9bd1d6)
2024-11-28T11:01:15.613+01:00 DEBUG 34248 --- [RendelesKezelo] [           main] o.h.t.d.sql.spi.DdlTypeRegistry          : addDescriptor(4003, org.hibernate.type.descriptor.sql.internal.DdlTypeImpl@18ac4af6) replaced previous registration(org.hibernate.type.descriptor.sql.internal.DdlTypeImpl@117fb9ba)
2024-11-28T11:01:15.613+01:00 DEBUG 34248 --- [RendelesKezelo] [           main] o.h.t.d.sql.spi.DdlTypeRegistry          : addDescriptor(4001, org.hibernate.type.descriptor.sql.internal.DdlTypeImpl@2b1d1a5) replaced previous registration(org.hibernate.type.descriptor.sql.internal.DdlTypeImpl@41e7a544)
2024-11-28T11:01:15.613+01:00 DEBUG 34248 --- [RendelesKezelo] [           main] o.h.t.d.sql.spi.DdlTypeRegistry          : addDescriptor(4002, org.hibernate.type.descriptor.sql.internal.DdlTypeImpl@3b66ac74) replaced previous registration(org.hibernate.type.descriptor.sql.internal.DdlTypeImpl@573870cb)
2024-11-28T11:01:15.613+01:00 DEBUG 34248 --- [RendelesKezelo] [           main] o.h.t.d.sql.spi.DdlTypeRegistry          : addDescriptor(2004, org.hibernate.type.descriptor.sql.internal.CapacityDependentDdlType@5b88af70) replaced previous registration(org.hibernate.type.descriptor.sql.internal.DdlTypeImpl@2739ecc0)
2024-11-28T11:01:15.614+01:00 DEBUG 34248 --- [RendelesKezelo] [           main] o.h.t.d.sql.spi.DdlTypeRegistry          : addDescriptor(2005, org.hibernate.type.descriptor.sql.internal.CapacityDependentDdlType@2932e15f) replaced previous registration(org.hibernate.type.descriptor.sql.internal.DdlTypeImpl@3d98729a)
2024-11-28T11:01:15.614+01:00 DEBUG 34248 --- [RendelesKezelo] [           main] o.h.t.d.sql.spi.DdlTypeRegistry          : addDescriptor(2011, org.hibernate.type.descriptor.sql.internal.CapacityDependentDdlType@2375a976) replaced previous registration(org.hibernate.type.descriptor.sql.internal.DdlTypeImpl@4bc21e34)
2024-11-28T11:01:15.615+01:00 DEBUG 34248 --- [RendelesKezelo] [           main] o.h.t.d.jdbc.spi.JdbcTypeRegistry        : addDescriptor(NCharTypeDescriptor) replaced previous registration(CharTypeDescriptor)
2024-11-28T11:01:15.615+01:00 DEBUG 34248 --- [RendelesKezelo] [           main] o.h.t.d.jdbc.spi.JdbcTypeRegistry        : addDescriptor(NVarcharTypeDescriptor) replaced previous registration(VarcharTypeDescriptor)
2024-11-28T11:01:15.616+01:00 DEBUG 34248 --- [RendelesKezelo] [           main] o.h.t.d.jdbc.spi.JdbcTypeRegistry        : addDescriptor(LongNVarcharTypeDescriptor) replaced previous registration(LongVarcharTypeDescriptor)
2024-11-28T11:01:15.618+01:00 DEBUG 34248 --- [RendelesKezelo] [           main] o.h.t.d.jdbc.spi.JdbcTypeRegistry        : addDescriptor(NClobTypeDescriptor(DEFAULT)) replaced previous registration(ClobTypeDescriptor(DEFAULT))
2024-11-28T11:01:15.621+01:00 DEBUG 34248 --- [RendelesKezelo] [           main] org.hibernate.type.BasicTypeRegistry     : Adding type registration null -> org.hibernate.type.NullType@71f29d91
2024-11-28T11:01:15.621+01:00 DEBUG 34248 --- [RendelesKezelo] [           main] org.hibernate.type.BasicTypeRegistry     : Type registration key [null] overrode previous entry : `org.hibernate.type.NullType@9729a97`
2024-11-28T11:01:15.624+01:00 DEBUG 34248 --- [RendelesKezelo] [           main] org.hibernate.type.BasicTypeRegistry     : Adding type registration org.hibernate.type.DurationType -> basicType@1(java.time.Duration,3015)
2024-11-28T11:01:15.624+01:00 DEBUG 34248 --- [RendelesKezelo] [           main] org.hibernate.type.BasicTypeRegistry     : Adding type registration Duration -> basicType@1(java.time.Duration,3015)
2024-11-28T11:01:15.624+01:00 DEBUG 34248 --- [RendelesKezelo] [           main] org.hibernate.type.BasicTypeRegistry     : Adding type registration java.time.Duration -> basicType@1(java.time.Duration,3015)
2024-11-28T11:01:15.626+01:00 DEBUG 34248 --- [RendelesKezelo] [           main] org.hibernate.type.BasicTypeRegistry     : Adding type registration org.hibernate.type.OffsetDateTimeType -> basicType@2(java.time.OffsetDateTime,3003)
2024-11-28T11:01:15.626+01:00 DEBUG 34248 --- [RendelesKezelo] [           main] org.hibernate.type.BasicTypeRegistry     : Adding type registration OffsetDateTime -> basicType@2(java.time.OffsetDateTime,3003)
2024-11-28T11:01:15.626+01:00 DEBUG 34248 --- [RendelesKezelo] [           main] org.hibernate.type.BasicTypeRegistry     : Adding type registration java.time.OffsetDateTime -> basicType@2(java.time.OffsetDateTime,3003)
2024-11-28T11:01:15.627+01:00 DEBUG 34248 --- [RendelesKezelo] [           main] org.hibernate.type.BasicTypeRegistry     : Adding type registration org.hibernate.type.ZonedDateTimeType -> basicType@3(java.time.ZonedDateTime,3003)
2024-11-28T11:01:15.627+01:00 DEBUG 34248 --- [RendelesKezelo] [           main] org.hibernate.type.BasicTypeRegistry     : Adding type registration ZonedDateTime -> basicType@3(java.time.ZonedDateTime,3003)
2024-11-28T11:01:15.627+01:00 DEBUG 34248 --- [RendelesKezelo] [           main] org.hibernate.type.BasicTypeRegistry     : Adding type registration java.time.ZonedDateTime -> basicType@3(java.time.ZonedDateTime,3003)
2024-11-28T11:01:15.627+01:00 DEBUG 34248 --- [RendelesKezelo] [           main] org.hibernate.type.BasicTypeRegistry     : Adding type registration org.hibernate.type.OffsetTimeType -> basicType@4(java.time.OffsetTime,3007)
2024-11-28T11:01:15.627+01:00 DEBUG 34248 --- [RendelesKezelo] [           main] org.hibernate.type.BasicTypeRegistry     : Adding type registration OffsetTime -> basicType@4(java.time.OffsetTime,3007)
2024-11-28T11:01:15.627+01:00 DEBUG 34248 --- [RendelesKezelo] [           main] org.hibernate.type.BasicTypeRegistry     : Adding type registration java.time.OffsetTime -> basicType@4(java.time.OffsetTime,3007)
2024-11-28T11:01:15.628+01:00 DEBUG 34248 --- [RendelesKezelo] [           main] o.h.type.spi.TypeConfiguration$Scope     : Scoping TypeConfiguration [org.hibernate.type.spi.TypeConfiguration@2f8f40cc] to MetadataBuildingContext [org.hibernate.boot.internal.MetadataBuildingContextRootImpl@14d81f2c]
2024-11-28T11:01:16.409+01:00  INFO 34248 --- [RendelesKezelo] [           main] o.h.e.t.j.p.i.JtaPlatformInitiator       : HHH000489: No JTA platform available (set 'hibernate.transaction.jta.platform' to enable JTA platform integration)
2024-11-28T11:01:16.409+01:00 DEBUG 34248 --- [RendelesKezelo] [           main] o.h.type.spi.TypeConfiguration$Scope     : Scoping TypeConfiguration [org.hibernate.type.spi.TypeConfiguration@2f8f40cc] to SessionFactoryImplementor [org.hibernate.internal.SessionFactoryImpl@74d3b331]
2024-11-28T11:01:16.848+01:00 TRACE 34248 --- [RendelesKezelo] [           main] o.h.type.spi.TypeConfiguration$Scope     : Handling #sessionFactoryCreated from [org.hibernate.internal.SessionFactoryImpl@74d3b331] for TypeConfiguration
2024-11-28T11:01:16.848+01:00  INFO 34248 --- [RendelesKezelo] [           main] j.LocalContainerEntityManagerFactoryBean : Initialized JPA EntityManagerFactory for persistence unit 'default'
2024-11-28T11:01:17.123+01:00  INFO 34248 --- [RendelesKezelo] [           main] o.s.d.j.r.query.QueryEnhancerFactory     : Hibernate is in classpath; If applicable, HQL parser will be used.
2024-11-28T11:01:17.666+01:00  INFO 34248 --- [RendelesKezelo] [           main] r$InitializeUserDetailsManagerConfigurer : Global AuthenticationManager configured with UserDetailsService bean with name customUserDetailsService
2024-11-28T11:01:17.693+01:00  WARN 34248 --- [RendelesKezelo] [           main] JpaBaseConfiguration$JpaWebConfiguration : spring.jpa.open-in-view is enabled by default. Therefore, database queries may be performed during view rendering. Explicitly configure spring.jpa.open-in-view to disable this warning
2024-11-28T11:01:18.352+01:00  INFO 34248 --- [RendelesKezelo] [           main] r.RendelesKezeloApplicationTests         : Started RendelesKezeloApplicationTests in 5.204 seconds (process running for 6.099)
]]></system-out>
    <system-err><![CDATA[Mockito is currently self-attaching to enable the inline-mock-maker. This will no longer work in future releases of the JDK. Please add Mockito as an agent to your build what is described in Mockito's documentation: https://javadoc.io/doc/org.mockito/mockito-core/latest/org/mockito/Mockito.html#0.3
WARNING: A Java agent has been loaded dynamically (C:\Users\copyright\.m2\repository\net\bytebuddy\byte-buddy-agent\1.15.10\byte-buddy-agent-1.15.10.jar)
WARNING: If a serviceability tool is in use, please run with -XX:+EnableDynamicAgentLoading to hide this warning
WARNING: If a serviceability tool is not in use, please run with -Djdk.instrument.traceUsage for more information
WARNING: Dynamic loading of agents will be disallowed by default in a future release
]]></system-err>
  </testcase>
</testsuite>